<?xml version="1.0" encoding="UTF-8"?>
<beans xmlns="http://www.springframework.org/schema/beans"
       xmlns:camel="http://camel.apache.org/schema/spring"
       xmlns:xsi="http://www.w3.org/2001/XMLSchema-instance"
       xsi:schemaLocation="
          http://www.springframework.org/schema/beans http://www.springframework.org/schema/beans/spring-beans.xsd
          http://camel.apache.org/schema/spring http://camel.apache.org/schema/spring/camel-spring.xsd">
    <bean id="serialBean" class="de.sistar.experiments.SerialBean"></bean>
    <camel:camelContext id="camel5">
        <camel:package>de.sistar.experiments.filter</camel:package>
        <camel:endpoint uri="mock:gold"/>
    </camel:camelContext>
</beans>